        -:    0:Source:centpercent.c
        -:    0:Graph:centpercent.gcno
        -:    0:Data:centpercent.gcda
        -:    0:Runs:1
        -:    0:Programs:1
        -:    1:#include <stdio.h>
        -:    2:
function main called 1 returned 100% blocks executed 86%
        1:    3:int main() {
        -:    4:
        -:    5:
        1:    6:	int a = 1, b = 2,c=3;
        -:    7:
        1:    8:	if( a == 1 )  {
branch  0 taken 100% (fallthrough)
branch  1 taken 0%
        1:    9:		printf(" a = 1 \n");
call    0 returned 100%
        -:   10:
        -:   11:	}
        -:   12:
        -:   13:	
        -:   14:
        1:   15:	if( b == 2 )  {
branch  0 taken 100% (fallthrough)
branch  1 taken 0%
        1:   16:		printf(" b = 2 \n");
call    0 returned 100%
        -:   17:
        -:   18:	} 
        -:   19:
        1:   20:	if( c != 3) {
branch  0 taken 0% (fallthrough)
branch  1 taken 100%
    #####:   21:		printf(" c = 3 \n");
call    0 never executed
        -:   22:	}
        -:   23:
        -:   24:
        -:   25:
        1:   26:}
