        -:    0:Source:comptest.c
        -:    0:Graph:comptest.gcno
        -:    0:Data:comptest.gcda
        -:    0:Runs:1
        -:    0:Programs:1
        -:    1:#include <stdio.h>
        -:    2:
function main called 1 returned 100% blocks executed 71%
        1:    3:int main() {
        -:    4:
        -:    5:
        1:    6:	int a = 1, b = 2;
        -:    7:
        1:    8:	if( a == 1 )  {
branch  0 taken 100% (fallthrough)
branch  1 taken 0%
        1:    9:		printf(" a = 1 \n");
call    0 returned 100%
        -:   10:
        -:   11:	} else  {
    #####:   12:		printf(" a != 1 \n");
call    0 never executed
        -:   13:	}
        -:   14:
        1:   15:	if( b == 2 )  {
branch  0 taken 100% (fallthrough)
branch  1 taken 0%
        1:   16:		printf(" b = 2 \n");
call    0 returned 100%
        -:   17:
        -:   18:	} else  {
    #####:   19:		printf(" b != 1 \n");
call    0 never executed
        -:   20:
        -:   21:	}
        -:   22:
        1:   23:}
